[1.002s] Invoking command in '/home/elmarlinux/wanderbot_ws/src/wanderbot': PYTHONPATH=/home/elmarlinux/wanderbot_ws/build/wanderbot/prefix_override:/usr/lib/python3/dist-packages/colcon_core/task/python/colcon_distutils_commands:/home/elmarlinux/wanderbot_ws/install/wanderbot/lib/python3.10/site-packages:${PYTHONPATH} /usr/bin/python3 -W ignore:setup.py install is deprecated -W ignore:easy_install command is deprecated setup.py egg_info --egg-base ../../build/wanderbot build --build-base /home/elmarlinux/wanderbot_ws/build/wanderbot/build install --record /home/elmarlinux/wanderbot_ws/build/wanderbot/install.log --single-version-externally-managed install_data
[1.393s] running egg_info
[1.393s] creating ../../build/wanderbot/wanderbot.egg-info
[1.394s] writing ../../build/wanderbot/wanderbot.egg-info/PKG-INFO
[1.394s] writing dependency_links to ../../build/wanderbot/wanderbot.egg-info/dependency_links.txt
[1.394s] writing entry points to ../../build/wanderbot/wanderbot.egg-info/entry_points.txt
[1.394s] writing requirements to ../../build/wanderbot/wanderbot.egg-info/requires.txt
[1.395s] writing top-level names to ../../build/wanderbot/wanderbot.egg-info/top_level.txt
[1.395s] writing manifest file '../../build/wanderbot/wanderbot.egg-info/SOURCES.txt'
[1.397s] reading manifest file '../../build/wanderbot/wanderbot.egg-info/SOURCES.txt'
[1.398s] writing manifest file '../../build/wanderbot/wanderbot.egg-info/SOURCES.txt'
[1.398s] running build
[1.398s] running build_py
[1.399s] creating /home/elmarlinux/wanderbot_ws/build/wanderbot/build
[1.399s] creating /home/elmarlinux/wanderbot_ws/build/wanderbot/build/lib
[1.399s] creating /home/elmarlinux/wanderbot_ws/build/wanderbot/build/lib/wanderbot
[1.399s] copying wanderbot/wander.py -> /home/elmarlinux/wanderbot_ws/build/wanderbot/build/lib/wanderbot
[1.399s] copying wanderbot/__init__.py -> /home/elmarlinux/wanderbot_ws/build/wanderbot/build/lib/wanderbot
[1.399s] running install
[1.400s] running install_lib
[1.400s] creating /home/elmarlinux/wanderbot_ws/install/wanderbot/lib/python3.10/site-packages/wanderbot
[1.401s] copying /home/elmarlinux/wanderbot_ws/build/wanderbot/build/lib/wanderbot/wander.py -> /home/elmarlinux/wanderbot_ws/install/wanderbot/lib/python3.10/site-packages/wanderbot
[1.401s] copying /home/elmarlinux/wanderbot_ws/build/wanderbot/build/lib/wanderbot/__init__.py -> /home/elmarlinux/wanderbot_ws/install/wanderbot/lib/python3.10/site-packages/wanderbot
[1.401s] byte-compiling /home/elmarlinux/wanderbot_ws/install/wanderbot/lib/python3.10/site-packages/wanderbot/wander.py to wander.cpython-310.pyc
[1.402s] byte-compiling /home/elmarlinux/wanderbot_ws/install/wanderbot/lib/python3.10/site-packages/wanderbot/__init__.py to __init__.cpython-310.pyc
[1.403s] running install_data
[1.403s] creating /home/elmarlinux/wanderbot_ws/install/wanderbot/share/ament_index
[1.403s] creating /home/elmarlinux/wanderbot_ws/install/wanderbot/share/ament_index/resource_index
[1.403s] creating /home/elmarlinux/wanderbot_ws/install/wanderbot/share/ament_index/resource_index/packages
[1.403s] copying resource/wanderbot -> /home/elmarlinux/wanderbot_ws/install/wanderbot/share/ament_index/resource_index/packages
[1.403s] copying package.xml -> /home/elmarlinux/wanderbot_ws/install/wanderbot/share/wanderbot
[1.404s] running install_egg_info
[1.406s] Copying ../../build/wanderbot/wanderbot.egg-info to /home/elmarlinux/wanderbot_ws/install/wanderbot/lib/python3.10/site-packages/wanderbot-0.0.0-py3.10.egg-info
[1.407s] running install_scripts
[1.435s] Installing wander_node script to /home/elmarlinux/wanderbot_ws/install/wanderbot/lib/wanderbot
[1.435s] writing list of installed files to '/home/elmarlinux/wanderbot_ws/build/wanderbot/install.log'
[1.471s] Invoked command in '/home/elmarlinux/wanderbot_ws/src/wanderbot' returned '0': PYTHONPATH=/home/elmarlinux/wanderbot_ws/build/wanderbot/prefix_override:/usr/lib/python3/dist-packages/colcon_core/task/python/colcon_distutils_commands:/home/elmarlinux/wanderbot_ws/install/wanderbot/lib/python3.10/site-packages:${PYTHONPATH} /usr/bin/python3 -W ignore:setup.py install is deprecated -W ignore:easy_install command is deprecated setup.py egg_info --egg-base ../../build/wanderbot build --build-base /home/elmarlinux/wanderbot_ws/build/wanderbot/build install --record /home/elmarlinux/wanderbot_ws/build/wanderbot/install.log --single-version-externally-managed install_data
